current directory: /Users/tg/Projects/trials/rails-trials/gems/puma-5.6.7/ext/puma_http11
/opt/homebrew/opt/ruby/bin/ruby extconf.rb
using OpenSSL pkgconfig (openssl.pc)
checking for openssl/bio.h... yes
checking for DTLS_method() in openssl/ssl.h... yes
checking for TLS_server_method() in openssl/ssl.h... yes
checking for SSL_CTX_set_min_proto_version(NULL, 0) in openssl/ssl.h... yes
checking for X509_STORE_up_ref()... yes
checking for SSL_CTX_set_ecdh_auto(NULL, 0) in openssl/ssl.h... yes
checking for SSL_CTX_set_dh_auto(NULL, 0) in openssl/ssl.h... yes
checking for SSL_get1_peer_certificate() in openssl/ssl.h... yes
checking for Random.bytes... yes
creating Makefile

current directory: /Users/tg/Projects/trials/rails-trials/gems/puma-5.6.7/ext/puma_http11
make DESTDIR\= sitearchdir\=./.gem.20231114-88461-cn5p6w sitelibdir\=./.gem.20231114-88461-cn5p6w clean

current directory: /Users/tg/Projects/trials/rails-trials/gems/puma-5.6.7/ext/puma_http11
make DESTDIR\= sitearchdir\=./.gem.20231114-88461-cn5p6w sitelibdir\=./.gem.20231114-88461-cn5p6w
compiling http11_parser.c
compiling mini_ssl.c
compiling puma_http11.c
linking shared-object puma/puma_http11.bundle
ld: warning: ignoring duplicate libraries: '-lruby.3.2'

current directory: /Users/tg/Projects/trials/rails-trials/gems/puma-5.6.7/ext/puma_http11
make DESTDIR\= sitearchdir\=./.gem.20231114-88461-cn5p6w sitelibdir\=./.gem.20231114-88461-cn5p6w install
/usr/bin/install -c -m 0755 puma_http11.bundle ./.gem.20231114-88461-cn5p6w/puma

current directory: /Users/tg/Projects/trials/rails-trials/gems/puma-5.6.7/ext/puma_http11
make DESTDIR\= sitearchdir\=./.gem.20231114-88461-cn5p6w sitelibdir\=./.gem.20231114-88461-cn5p6w clean
