current directory: /Users/tg/Projects/trials/rails-trials/gems/date-3.3.4/ext/date
/opt/homebrew/opt/ruby/bin/ruby extconf.rb
checking for rb_category_warn()... yes
checking for timezone in time.h with  -Werror... yes
checking for altzone in time.h with  -Werror... no
creating Makefile

current directory: /Users/tg/Projects/trials/rails-trials/gems/date-3.3.4/ext/date
make DESTDIR\= sitearchdir\=./.gem.20231114-88461-vdtlv4 sitelibdir\=./.gem.20231114-88461-vdtlv4 clean

current directory: /Users/tg/Projects/trials/rails-trials/gems/date-3.3.4/ext/date
make DESTDIR\= sitearchdir\=./.gem.20231114-88461-vdtlv4 sitelibdir\=./.gem.20231114-88461-vdtlv4
compiling date_core.c
compiling date_parse.c
compiling date_strftime.c
compiling date_strptime.c
linking shared-object date_core.bundle
ld: warning: ignoring duplicate libraries: '-lruby.3.2'

current directory: /Users/tg/Projects/trials/rails-trials/gems/date-3.3.4/ext/date
make DESTDIR\= sitearchdir\=./.gem.20231114-88461-vdtlv4 sitelibdir\=./.gem.20231114-88461-vdtlv4 install
/usr/bin/install -c -m 0755 date_core.bundle ./.gem.20231114-88461-vdtlv4

current directory: /Users/tg/Projects/trials/rails-trials/gems/date-3.3.4/ext/date
make DESTDIR\= sitearchdir\=./.gem.20231114-88461-vdtlv4 sitelibdir\=./.gem.20231114-88461-vdtlv4 clean
